
12월 14, 2020 20:35:39.911 NEW SESSION
12월 14, 2020 20:35:39.911 [17988:12060:1214/203539.907:ERROR:device_event_log_impl.cc(211)] [20:35:39.907] USB: usb_device_handle_win.cc:1020 Failed to read descriptor from node connection: 시스템에 부착된 장치가 작동하지 않습니다. (0x1F)
12월 14, 2020 20:35:56.978 [2548:9476:1214/203556.978:ERROR:device_event_log_impl.cc(211)] [20:35:56.978] USB: usb_device_handle_win.cc:1020 Failed to read descriptor from node connection: 시스템에 부착된 장치가 작동하지 않습니다. (0x1F)
12월 14, 2020 20:35:56.985 [2548:9476:1214/203556.985:ERROR:device_event_log_impl.cc(211)] [20:35:56.985] USB: usb_device_handle_win.cc:1020 Failed to read descriptor from node connection: 시스템에 부착된 장치가 작동하지 않습니다. (0x1F)
12월 14, 2020 20:36:50.962 [14436:6124:1214/203650.961:ERROR:device_event_log_impl.cc(211)] [20:36:50.961] USB: usb_device_handle_win.cc:1020 Failed to read descriptor from node connection: 시스템에 부착된 장치가 작동하지 않습니다. (0x1F)
12월 14, 2020 20:37:37.312 [14436:6124:1214/203737.311:ERROR:CONSOLE(1)] "Cannot find context with specified id", source: devtools://devtools/bundled/sdk/sdk.js (1)
12월 14, 2020 20:37:37.313 [14436:6124:1214/203737.311:ERROR:CONSOLE(1)] "Extension server error: Inspector protocol error: Cannot find context with specified id", source: devtools://devtools/bundled/extensions/extensions.js (1)
12월 14, 2020 20:38:56.105 [14696:9060:1214/203856.104:ERROR:device_event_log_impl.cc(211)] [20:38:56.104] USB: usb_device_handle_win.cc:1020 Failed to read descriptor from node connection: 시스템에 부착된 장치가 작동하지 않습니다. (0x1F)
12월 14, 2020 20:38:56.106 [14696:9060:1214/203856.105:ERROR:device_event_log_impl.cc(211)] [20:38:56.104] USB: usb_device_handle_win.cc:1020 Failed to read descriptor from node connection: 시스템에 부착된 장치가 작동하지 않습니다. (0x1F)
12월 14, 2020 20:47:35.391 [6116:14428:1214/204735.390:ERROR:device_event_log_impl.cc(211)] [20:47:35.389] USB: usb_device_handle_win.cc:1020 Failed to read descriptor from node connection: 시스템에 부착된 장치가 작동하지 않습니다. (0x1F)
12월 14, 2020 20:53:45.85 [7920:12164:1214/205345.085:ERROR:device_event_log_impl.cc(211)] [20:53:45.084] USB: usb_device_handle_win.cc:1020 Failed to read descriptor from node connection: 시스템에 부착된 장치가 작동하지 않습니다. (0x1F)
12월 14, 2020 21:03:38.822 [1214/210338.821:ERROR:directory_reader_win.cc(43)] FindFirstFile: 지정된 경로를 찾을 수 없습니다. (0x3)
12월 14, 2020 21:09:42.77 [11292:8728:1214/210942.077:ERROR:device_event_log_impl.cc(211)] [21:09:42.077] USB: usb_device_handle_win.cc:1020 Failed to read descriptor from node connection: 시스템에 부착된 장치가 작동하지 않습니다. (0x1F)
12월 14, 2020 21:19:40.609 [1214/211940.608:ERROR:directory_reader_win.cc(43)] FindFirstFile: 지정된 경로를 찾을 수 없습니다. (0x3)
12월 14, 2020 21:19:53.207 [15496:2312:1214/211953.206:ERROR:device_event_log_impl.cc(211)] [21:19:53.206] USB: usb_device_handle_win.cc:1020 Failed to read descriptor from node connection: 시스템에 부착된 장치가 작동하지 않습니다. (0x1F)
12월 14, 2020 21:20:11.883 [12464:15656:1214/212011.883:ERROR:device_event_log_impl.cc(211)] [21:20:11.883] USB: usb_device_handle_win.cc:1020 Failed to read descriptor from node connection: 시스템에 부착된 장치가 작동하지 않습니다. (0x1F)
12월 14, 2020 21:22:17.369 [15520:13192:1214/212217.369:ERROR:device_event_log_impl.cc(211)] [21:22:17.369] USB: usb_device_handle_win.cc:1020 Failed to read descriptor from node connection: 시스템에 부착된 장치가 작동하지 않습니다. (0x1F)
12월 14, 2020 21:22:17.370 [15520:13192:1214/212217.369:ERROR:device_event_log_impl.cc(211)] [21:22:17.369] USB: usb_device_handle_win.cc:1020 Failed to read descriptor from node connection: 시스템에 부착된 장치가 작동하지 않습니다. (0x1F)
12월 14, 2020 21:32:11.441 [1214/213211.440:ERROR:directory_reader_win.cc(43)] FindFirstFile: 지정된 경로를 찾을 수 없습니다. (0x3)

12월 19, 2020 14:54:02.233 NEW SESSION
12월 19, 2020 14:54:02.233 [4456:6808:1219/145402.231:ERROR:device_event_log_impl.cc(211)] [14:54:02.231] USB: usb_device_handle_win.cc:1020 Failed to read descriptor from node connection: 시스템에 부착된 장치가 작동하지 않습니다. (0x1F)
12월 19, 2020 14:54:02.234 [4456:6808:1219/145402.231:ERROR:device_event_log_impl.cc(211)] [14:54:02.231] USB: usb_device_handle_win.cc:1020 Failed to read descriptor from node connection: 시스템에 부착된 장치가 작동하지 않습니다. (0x1F)
12월 19, 2020 14:57:01.374 [4456:6808:1219/145701.372:ERROR:device_event_log_impl.cc(211)] [14:57:01.371] USB: usb_service_win.cc:258 Failed to get device driver name: 요소가 없습니다. (0x490)
12월 19, 2020 15:03:56.557 [1219/150356.556:ERROR:directory_reader_win.cc(43)] FindFirstFile: 지정된 경로를 찾을 수 없습니다. (0x3)

12월 20, 2020 07:20:26.195 NEW SESSION
12월 20, 2020 07:20:26.195 [12744:12748:1220/072026.193:ERROR:device_event_log_impl.cc(211)] [07:20:26.192] USB: usb_device_handle_win.cc:1020 Failed to read descriptor from node connection: 시스템에 부착된 장치가 작동하지 않습니다. (0x1F)
12월 20, 2020 07:30:17.98 [1220/073017.097:ERROR:directory_reader_win.cc(43)] FindFirstFile: 지정된 경로를 찾을 수 없습니다. (0x3)
12월 20, 2020 08:47:20.506 [12744:12748:1220/084720.506:ERROR:CONSOLE(1)] "Cannot find context with specified id", source: devtools://devtools/bundled/sdk/sdk.js (1)
12월 20, 2020 08:47:20.507 [12744:12748:1220/084720.506:ERROR:CONSOLE(1)] "Extension server error: Inspector protocol error: Cannot find context with specified id", source: devtools://devtools/bundled/extensions/extensions.js (1)
12월 20, 2020 08:47:46.738 [12744:12748:1220/084746.738:ERROR:CONSOLE(1)] "Cannot find context with specified id", source: devtools://devtools/bundled/sdk/sdk.js (1)
12월 20, 2020 08:47:46.739 [12744:12748:1220/084746.738:ERROR:CONSOLE(1)] "Extension server error: Inspector protocol error: Cannot find context with specified id", source: devtools://devtools/bundled/extensions/extensions.js (1)
12월 20, 2020 08:48:28.511 [12744:12748:1220/084828.510:ERROR:CONSOLE(1)] "Cannot find context with specified id", source: devtools://devtools/bundled/sdk/sdk.js (1)
12월 20, 2020 08:48:28.511 [12744:12748:1220/084828.510:ERROR:CONSOLE(1)] "Extension server error: Inspector protocol error: Cannot find context with specified id", source: devtools://devtools/bundled/extensions/extensions.js (1)
12월 20, 2020 10:14:15.66 [12744:12748:1220/101415.065:ERROR:CONSOLE(1)] "Cannot find context with specified id", source: devtools://devtools/bundled/sdk/sdk.js (1)
12월 20, 2020 10:14:15.67 [12744:12748:1220/101415.065:ERROR:CONSOLE(1)] "Extension server error: Inspector protocol error: Cannot find context with specified id", source: devtools://devtools/bundled/extensions/extensions.js (1)
12월 20, 2020 10:20:20.13 [12744:12748:1220/102020.013:ERROR:CONSOLE(1)] "Cannot find context with specified id", source: devtools://devtools/bundled/sdk/sdk.js (1)
12월 20, 2020 10:20:20.14 [12744:12748:1220/102020.013:ERROR:CONSOLE(1)] "Extension server error: Inspector protocol error: Cannot find context with specified id", source: devtools://devtools/bundled/extensions/extensions.js (1)
12월 20, 2020 10:21:14.416 [12744:12748:1220/102114.416:ERROR:CONSOLE(1)] "Cannot find context with specified id", source: devtools://devtools/bundled/sdk/sdk.js (1)
12월 20, 2020 10:21:14.417 [12744:12748:1220/102114.416:ERROR:CONSOLE(1)] "Extension server error: Inspector protocol error: Cannot find context with specified id", source: devtools://devtools/bundled/extensions/extensions.js (1)
12월 20, 2020 10:22:19.770 [12744:12748:1220/102219.769:ERROR:CONSOLE(1)] "Cannot find context with specified id", source: devtools://devtools/bundled/sdk/sdk.js (1)
12월 20, 2020 10:22:19.771 [12744:12748:1220/102219.770:ERROR:CONSOLE(1)] "Extension server error: Inspector protocol error: Cannot find context with specified id", source: devtools://devtools/bundled/extensions/extensions.js (1)
12월 20, 2020 10:22:42.867 [12744:12748:1220/102242.867:ERROR:CONSOLE(1)] "Cannot find context with specified id", source: devtools://devtools/bundled/sdk/sdk.js (1)
12월 20, 2020 10:22:42.868 [12744:12748:1220/102242.867:ERROR:CONSOLE(1)] "Extension server error: Inspector protocol error: Cannot find context with specified id", source: devtools://devtools/bundled/extensions/extensions.js (1)

12월 20, 2020 21:57:58.246 NEW SESSION
12월 20, 2020 21:57:58.246 [14252:12052:1220/215758.243:ERROR:device_event_log_impl.cc(211)] [21:57:58.244] USB: usb_device_handle_win.cc:1020 Failed to read descriptor from node connection: 시스템에 부착된 장치가 작동하지 않습니다. (0x1F)
12월 20, 2020 21:57:58.247 [14252:12052:1220/215758.246:ERROR:device_event_log_impl.cc(211)] [21:57:58.246] USB: usb_device_handle_win.cc:1020 Failed to read descriptor from node connection: 시스템에 부착된 장치가 작동하지 않습니다. (0x1F)
12월 20, 2020 22:00:24.436 [13236:7596:1220/220024.436:ERROR:device_event_log_impl.cc(211)] [22:00:24.435] USB: usb_device_handle_win.cc:1020 Failed to read descriptor from node connection: 시스템에 부착된 장치가 작동하지 않습니다. (0x1F)
12월 20, 2020 22:00:24.439 [13236:7596:1220/220024.438:ERROR:device_event_log_impl.cc(211)] [22:00:24.438] USB: usb_device_handle_win.cc:1020 Failed to read descriptor from node connection: 시스템에 부착된 장치가 작동하지 않습니다. (0x1F)
